<?xml version="1.0" encoding="UTF-8" ?>
<testsuite errors="0" failures="0" hostname="GOLDEN_TECHNOLOGIES" name="net.sourceforge.cruisecontrol.sampleproject.connectfour.CellTest" skipped="0" tests="1" time="0.199" timestamp="2017-05-10T23:47:14">
  <properties>
[...]
</properties>
  <testcase classname="net.sourceforge.cruisecontrol.sampleproject.connectfour.CellTest" name="testConstructor" time="0.004" />
  <system-out><![CDATA[]]></system-out>
  <system-err><![CDATA[]]></system-err>
</testsuite>
